<?xml version="1.0" encoding="UTF-8"?>
<testsuite xmlns:xsi="http://www.w3.org/2001/XMLSchema-instance" xsi:noNamespaceSchemaLocation="https://maven.apache.org/surefire/maven-surefire-plugin/xsd/surefire-test-report-3.0.xsd" version="3.0" name="examples.pets.PetsRunner" time="366.274" tests="4" errors="0" skipped="0" failures="0">
  <properties>
    <property name="java.specification.version" value="23"/>
    <property name="sun.cpu.isalist" value="amd64"/>
    <property name="sun.jnu.encoding" value="Cp1252"/>
    <property name="java.class.path" value="C:\Development\prys\tests\devsu\api\target\test-classes;C:\Development\prys\tests\devsu\api\target\classes;C:\Users\andye\.m2\repository\io\karatelabs\karate-junit5\1.5.0\karate-junit5-1.5.0.jar;C:\Users\andye\.m2\repository\io\karatelabs\karate-core\1.5.0\karate-core-1.5.0.jar;C:\Users\andye\.m2\repository\org\graalvm\js\js-scriptengine\24.0.0\js-scriptengine-24.0.0.jar;C:\Users\andye\.m2\repository\org\graalvm\polyglot\polyglot\24.0.0\polyglot-24.0.0.jar;C:\Users\andye\.m2\repository\org\graalvm\sdk\collections\24.0.0\collections-24.0.0.jar;C:\Users\andye\.m2\repository\org\graalvm\sdk\nativeimage\24.0.0\nativeimage-24.0.0.jar;C:\Users\andye\.m2\repository\org\graalvm\sdk\word\24.0.0\word-24.0.0.jar;C:\Users\andye\.m2\repository\org\graalvm\js\js-language\24.0.0\js-language-24.0.0.jar;C:\Users\andye\.m2\repository\org\graalvm\regex\regex\24.0.0\regex-24.0.0.jar;C:\Users\andye\.m2\repository\org\graalvm\truffle\truffle-api\24.0.0\truffle-api-24.0.0.jar;C:\Users\andye\.m2\repository\org\graalvm\shadowed\icu4j\24.0.0\icu4j-24.0.0.jar;C:\Users\andye\.m2\repository\org\thymeleaf\thymeleaf\3.1.2.RELEASE\thymeleaf-3.1.2.RELEASE.jar;C:\Users\andye\.m2\repository\ognl\ognl\3.3.4\ognl-3.3.4.jar;C:\Users\andye\.m2\repository\org\javassist\javassist\3.29.0-GA\javassist-3.29.0-GA.jar;C:\Users\andye\.m2\repository\org\attoparser\attoparser\2.0.7.RELEASE\attoparser-2.0.7.RELEASE.jar;C:\Users\andye\.m2\repository\org\unbescape\unbescape\1.1.6.RELEASE\unbescape-1.1.6.RELEASE.jar;C:\Users\andye\.m2\repository\com\linecorp\armeria\armeria\1.29.2\armeria-1.29.2.jar;C:\Users\andye\.m2\repository\com\fasterxml\jackson\core\jackson-core\2.17.1\jackson-core-2.17.1.jar;C:\Users\andye\.m2\repository\com\fasterxml\jackson\core\jackson-annotations\2.17.1\jackson-annotations-2.17.1.jar;C:\Users\andye\.m2\repository\com\fasterxml\jackson\core\jackson-databind\2.17.1\jackson-databind-2.17.1.jar;C:\Users\andye\.m2\repository\com\fasterxml\jackson\datatype\jackson-datatype-jdk8\2.17.1\jackson-datatype-jdk8-2.17.1.jar;C:\Users\andye\.m2\repository\com\fasterxml\jackson\datatype\jackson-datatype-jsr310\2.17.1\jackson-datatype-jsr310-2.17.1.jar;C:\Users\andye\.m2\repository\io\micrometer\micrometer-core\1.13.0\micrometer-core-1.13.0.jar;C:\Users\andye\.m2\repository\io\micrometer\micrometer-commons\1.13.0\micrometer-commons-1.13.0.jar;C:\Users\andye\.m2\repository\io\micrometer\micrometer-observation\1.13.0\micrometer-observation-1.13.0.jar;C:\Users\andye\.m2\repository\org\hdrhistogram\HdrHistogram\2.2.1\HdrHistogram-2.2.1.jar;C:\Users\andye\.m2\repository\org\latencyutils\LatencyUtils\2.0.3\LatencyUtils-2.0.3.jar;C:\Users\andye\.m2\repository\io\netty\netty-transport\4.1.110.Final\netty-transport-4.1.110.Final.jar;C:\Users\andye\.m2\repository\io\netty\netty-common\4.1.110.Final\netty-common-4.1.110.Final.jar;C:\Users\andye\.m2\repository\io\netty\netty-buffer\4.1.110.Final\netty-buffer-4.1.110.Final.jar;C:\Users\andye\.m2\repository\io\netty\netty-resolver\4.1.110.Final\netty-resolver-4.1.110.Final.jar;C:\Users\andye\.m2\repository\io\netty\netty-codec-haproxy\4.1.110.Final\netty-codec-haproxy-4.1.110.Final.jar;C:\Users\andye\.m2\repository\io\netty\netty-codec\4.1.110.Final\netty-codec-4.1.110.Final.jar;C:\Users\andye\.m2\repository\io\netty\netty-codec-http2\4.1.110.Final\netty-codec-http2-4.1.110.Final.jar;C:\Users\andye\.m2\repository\io\netty\netty-handler\4.1.110.Final\netty-handler-4.1.110.Final.jar;C:\Users\andye\.m2\repository\io\netty\netty-codec-http\4.1.110.Final\netty-codec-http-4.1.110.Final.jar;C:\Users\andye\.m2\repository\io\netty\netty-resolver-dns\4.1.110.Final\netty-resolver-dns-4.1.110.Final.jar;C:\Users\andye\.m2\repository\io\netty\netty-codec-dns\4.1.110.Final\netty-codec-dns-4.1.110.Final.jar;C:\Users\andye\.m2\repository\io\netty\netty-transport-native-unix-common\4.1.110.Final\netty-transport-native-unix-common-4.1.110.Final-linux-x86_64.jar;C:\Users\andye\.m2\repository\io\netty\netty-transport-native-unix-common\4.1.110.Final\netty-transport-native-unix-common-4.1.110.Final-linux-aarch_64.jar;C:\Users\andye\.m2\repository\io\netty\netty-transport-native-unix-common\4.1.110.Final\netty-transport-native-unix-common-4.1.110.Final-osx-x86_64.jar;C:\Users\andye\.m2\repository\io\netty\netty-transport-native-unix-common\4.1.110.Final\netty-transport-native-unix-common-4.1.110.Final-osx-aarch_64.jar;C:\Users\andye\.m2\repository\org\reactivestreams\reactive-streams\1.0.4\reactive-streams-1.0.4.jar;C:\Users\andye\.m2\repository\com\google\code\findbugs\jsr305\3.0.2\jsr305-3.0.2.jar;C:\Users\andye\.m2\repository\io\netty\netty-handler-proxy\4.1.110.Final\netty-handler-proxy-4.1.110.Final.jar;C:\Users\andye\.m2\repository\io\netty\netty-codec-socks\4.1.110.Final\netty-codec-socks-4.1.110.Final.jar;C:\Users\andye\.m2\repository\io\netty\netty-transport-native-epoll\4.1.110.Final\netty-transport-native-epoll-4.1.110.Final-linux-x86_64.jar;C:\Users\andye\.m2\repository\io\netty\netty-transport-native-unix-common\4.1.110.Final\netty-transport-native-unix-common-4.1.110.Final.jar;C:\Users\andye\.m2\repository\io\netty\netty-transport-classes-epoll\4.1.110.Final\netty-transport-classes-epoll-4.1.110.Final.jar;C:\Users\andye\.m2\repository\io\netty\netty-transport-native-epoll\4.1.110.Final\netty-transport-native-epoll-4.1.110.Final-linux-aarch_64.jar;C:\Users\andye\.m2\repository\io\netty\netty-transport-native-kqueue\4.1.110.Final\netty-transport-native-kqueue-4.1.110.Final-osx-x86_64.jar;C:\Users\andye\.m2\repository\io\netty\netty-transport-classes-kqueue\4.1.110.Final\netty-transport-classes-kqueue-4.1.110.Final.jar;C:\Users\andye\.m2\repository\io\netty\netty-resolver-dns-native-macos\4.1.110.Final\netty-resolver-dns-native-macos-4.1.110.Final-osx-x86_64.jar;C:\Users\andye\.m2\repository\io\netty\netty-resolver-dns-classes-macos\4.1.110.Final\netty-resolver-dns-classes-macos-4.1.110.Final.jar;C:\Users\andye\.m2\repository\io\netty\netty-transport-native-kqueue\4.1.110.Final\netty-transport-native-kqueue-4.1.110.Final-osx-aarch_64.jar;C:\Users\andye\.m2\repository\io\netty\netty-resolver-dns-native-macos\4.1.110.Final\netty-resolver-dns-native-macos-4.1.110.Final-osx-aarch_64.jar;C:\Users\andye\.m2\repository\io\netty\netty-tcnative-boringssl-static\2.0.65.Final\netty-tcnative-boringssl-static-2.0.65.Final-linux-x86_64.jar;C:\Users\andye\.m2\repository\io\netty\netty-tcnative-classes\2.0.65.Final\netty-tcnative-classes-2.0.65.Final.jar;C:\Users\andye\.m2\repository\io\netty\netty-tcnative-boringssl-static\2.0.65.Final\netty-tcnative-boringssl-static-2.0.65.Final-linux-aarch_64.jar;C:\Users\andye\.m2\repository\io\netty\netty-tcnative-boringssl-static\2.0.65.Final\netty-tcnative-boringssl-static-2.0.65.Final-osx-x86_64.jar;C:\Users\andye\.m2\repository\io\netty\netty-tcnative-boringssl-static\2.0.65.Final\netty-tcnative-boringssl-static-2.0.65.Final-osx-aarch_64.jar;C:\Users\andye\.m2\repository\io\netty\netty-tcnative-boringssl-static\2.0.65.Final\netty-tcnative-boringssl-static-2.0.65.Final-windows-x86_64.jar;C:\Users\andye\.m2\repository\com\aayushatharva\brotli4j\brotli4j\1.16.0\brotli4j-1.16.0.jar;C:\Users\andye\.m2\repository\com\aayushatharva\brotli4j\service\1.16.0\service-1.16.0.jar;C:\Users\andye\.m2\repository\com\aayushatharva\brotli4j\native-windows-x86_64\1.16.0\native-windows-x86_64-1.16.0.jar;C:\Users\andye\.m2\repository\org\apache\httpcomponents\httpclient\4.5.14\httpclient-4.5.14.jar;C:\Users\andye\.m2\repository\org\apache\httpcomponents\httpcore\4.4.16\httpcore-4.4.16.jar;C:\Users\andye\.m2\repository\commons-codec\commons-codec\1.16.1\commons-codec-1.16.1.jar;C:\Users\andye\.m2\repository\ch\qos\logback\logback-classic\1.5.4\logback-classic-1.5.4.jar;C:\Users\andye\.m2\repository\ch\qos\logback\logback-core\1.5.4\logback-core-1.5.4.jar;C:\Users\andye\.m2\repository\org\slf4j\jcl-over-slf4j\2.0.12\jcl-over-slf4j-2.0.12.jar;C:\Users\andye\.m2\repository\org\slf4j\slf4j-api\2.0.12\slf4j-api-2.0.12.jar;C:\Users\andye\.m2\repository\org\antlr\antlr4-runtime\4.13.1\antlr4-runtime-4.13.1.jar;C:\Users\andye\.m2\repository\com\jayway\jsonpath\json-path\2.9.0\json-path-2.9.0.jar;C:\Users\andye\.m2\repository\net\minidev\json-smart\2.5.1\json-smart-2.5.1.jar;C:\Users\andye\.m2\repository\net\minidev\accessors-smart\2.5.1\accessors-smart-2.5.1.jar;C:\Users\andye\.m2\repository\org\ow2\asm\asm\9.6\asm-9.6.jar;C:\Users\andye\.m2\repository\org\yaml\snakeyaml\2.2\snakeyaml-2.2.jar;C:\Users\andye\.m2\repository\de\siegmar\fastcsv\3.1.0\fastcsv-3.1.0.jar;C:\Users\andye\.m2\repository\info\picocli\picocli\4.7.5\picocli-4.7.5.jar;C:\Users\andye\.m2\repository\io\github\classgraph\classgraph\4.8.170\classgraph-4.8.170.jar;C:\Users\andye\.m2\repository\io\github\t12y\resemble\1.1.0\resemble-1.1.0.jar;C:\Users\andye\.m2\repository\io\github\t12y\ssim\1.0.0\ssim-1.0.0.jar;C:\Users\andye\.m2\repository\org\junit\jupiter\junit-jupiter-api\5.10.2\junit-jupiter-api-5.10.2.jar;C:\Users\andye\.m2\repository\org\opentest4j\opentest4j\1.3.0\opentest4j-1.3.0.jar;C:\Users\andye\.m2\repository\org\junit\platform\junit-platform-commons\1.10.2\junit-platform-commons-1.10.2.jar;C:\Users\andye\.m2\repository\org\apiguardian\apiguardian-api\1.1.2\apiguardian-api-1.1.2.jar;C:\Users\andye\.m2\repository\org\junit\jupiter\junit-jupiter-engine\5.10.2\junit-jupiter-engine-5.10.2.jar;C:\Users\andye\.m2\repository\org\junit\platform\junit-platform-engine\1.10.2\junit-platform-engine-1.10.2.jar;"/>
    <property name="java.vm.vendor" value="Oracle Corporation"/>
    <property name="sun.arch.data.model" value="64"/>
    <property name="user.variant" value=""/>
    <property name="java.vendor.url" value="https://java.oracle.com/"/>
    <property name="user.timezone" value="America/Guayaquil"/>
    <property name="user.country.format" value="EC"/>
    <property name="os.name" value="Windows 11"/>
    <property name="java.vm.specification.version" value="23"/>
    <property name="sun.java.launcher" value="SUN_STANDARD"/>
    <property name="user.country" value="US"/>
    <property name="sun.boot.library.path" value="C:\Program Files\Java\jdk-23\bin"/>
    <property name="sun.java.command" value="C:\Users\andye\AppData\Local\Temp\surefire17779976281649895406\surefirebooter-20250921211543275_3.jar C:\Users\andye\AppData\Local\Temp\surefire17779976281649895406 2025-09-21T21-15-43_153-jvmRun1 surefire-20250921211543275_1tmp surefire_0-20250921211543275_2tmp"/>
    <property name="jdk.debug" value="release"/>
    <property name="test" value="PetsRunner"/>
    <property name="surefire.test.class.path" value="C:\Development\prys\tests\devsu\api\target\test-classes;C:\Development\prys\tests\devsu\api\target\classes;C:\Users\andye\.m2\repository\io\karatelabs\karate-junit5\1.5.0\karate-junit5-1.5.0.jar;C:\Users\andye\.m2\repository\io\karatelabs\karate-core\1.5.0\karate-core-1.5.0.jar;C:\Users\andye\.m2\repository\org\graalvm\js\js-scriptengine\24.0.0\js-scriptengine-24.0.0.jar;C:\Users\andye\.m2\repository\org\graalvm\polyglot\polyglot\24.0.0\polyglot-24.0.0.jar;C:\Users\andye\.m2\repository\org\graalvm\sdk\collections\24.0.0\collections-24.0.0.jar;C:\Users\andye\.m2\repository\org\graalvm\sdk\nativeimage\24.0.0\nativeimage-24.0.0.jar;C:\Users\andye\.m2\repository\org\graalvm\sdk\word\24.0.0\word-24.0.0.jar;C:\Users\andye\.m2\repository\org\graalvm\js\js-language\24.0.0\js-language-24.0.0.jar;C:\Users\andye\.m2\repository\org\graalvm\regex\regex\24.0.0\regex-24.0.0.jar;C:\Users\andye\.m2\repository\org\graalvm\truffle\truffle-api\24.0.0\truffle-api-24.0.0.jar;C:\Users\andye\.m2\repository\org\graalvm\shadowed\icu4j\24.0.0\icu4j-24.0.0.jar;C:\Users\andye\.m2\repository\org\thymeleaf\thymeleaf\3.1.2.RELEASE\thymeleaf-3.1.2.RELEASE.jar;C:\Users\andye\.m2\repository\ognl\ognl\3.3.4\ognl-3.3.4.jar;C:\Users\andye\.m2\repository\org\javassist\javassist\3.29.0-GA\javassist-3.29.0-GA.jar;C:\Users\andye\.m2\repository\org\attoparser\attoparser\2.0.7.RELEASE\attoparser-2.0.7.RELEASE.jar;C:\Users\andye\.m2\repository\org\unbescape\unbescape\1.1.6.RELEASE\unbescape-1.1.6.RELEASE.jar;C:\Users\andye\.m2\repository\com\linecorp\armeria\armeria\1.29.2\armeria-1.29.2.jar;C:\Users\andye\.m2\repository\com\fasterxml\jackson\core\jackson-core\2.17.1\jackson-core-2.17.1.jar;C:\Users\andye\.m2\repository\com\fasterxml\jackson\core\jackson-annotations\2.17.1\jackson-annotations-2.17.1.jar;C:\Users\andye\.m2\repository\com\fasterxml\jackson\core\jackson-databind\2.17.1\jackson-databind-2.17.1.jar;C:\Users\andye\.m2\repository\com\fasterxml\jackson\datatype\jackson-datatype-jdk8\2.17.1\jackson-datatype-jdk8-2.17.1.jar;C:\Users\andye\.m2\repository\com\fasterxml\jackson\datatype\jackson-datatype-jsr310\2.17.1\jackson-datatype-jsr310-2.17.1.jar;C:\Users\andye\.m2\repository\io\micrometer\micrometer-core\1.13.0\micrometer-core-1.13.0.jar;C:\Users\andye\.m2\repository\io\micrometer\micrometer-commons\1.13.0\micrometer-commons-1.13.0.jar;C:\Users\andye\.m2\repository\io\micrometer\micrometer-observation\1.13.0\micrometer-observation-1.13.0.jar;C:\Users\andye\.m2\repository\org\hdrhistogram\HdrHistogram\2.2.1\HdrHistogram-2.2.1.jar;C:\Users\andye\.m2\repository\org\latencyutils\LatencyUtils\2.0.3\LatencyUtils-2.0.3.jar;C:\Users\andye\.m2\repository\io\netty\netty-transport\4.1.110.Final\netty-transport-4.1.110.Final.jar;C:\Users\andye\.m2\repository\io\netty\netty-common\4.1.110.Final\netty-common-4.1.110.Final.jar;C:\Users\andye\.m2\repository\io\netty\netty-buffer\4.1.110.Final\netty-buffer-4.1.110.Final.jar;C:\Users\andye\.m2\repository\io\netty\netty-resolver\4.1.110.Final\netty-resolver-4.1.110.Final.jar;C:\Users\andye\.m2\repository\io\netty\netty-codec-haproxy\4.1.110.Final\netty-codec-haproxy-4.1.110.Final.jar;C:\Users\andye\.m2\repository\io\netty\netty-codec\4.1.110.Final\netty-codec-4.1.110.Final.jar;C:\Users\andye\.m2\repository\io\netty\netty-codec-http2\4.1.110.Final\netty-codec-http2-4.1.110.Final.jar;C:\Users\andye\.m2\repository\io\netty\netty-handler\4.1.110.Final\netty-handler-4.1.110.Final.jar;C:\Users\andye\.m2\repository\io\netty\netty-codec-http\4.1.110.Final\netty-codec-http-4.1.110.Final.jar;C:\Users\andye\.m2\repository\io\netty\netty-resolver-dns\4.1.110.Final\netty-resolver-dns-4.1.110.Final.jar;C:\Users\andye\.m2\repository\io\netty\netty-codec-dns\4.1.110.Final\netty-codec-dns-4.1.110.Final.jar;C:\Users\andye\.m2\repository\io\netty\netty-transport-native-unix-common\4.1.110.Final\netty-transport-native-unix-common-4.1.110.Final-linux-x86_64.jar;C:\Users\andye\.m2\repository\io\netty\netty-transport-native-unix-common\4.1.110.Final\netty-transport-native-unix-common-4.1.110.Final-linux-aarch_64.jar;C:\Users\andye\.m2\repository\io\netty\netty-transport-native-unix-common\4.1.110.Final\netty-transport-native-unix-common-4.1.110.Final-osx-x86_64.jar;C:\Users\andye\.m2\repository\io\netty\netty-transport-native-unix-common\4.1.110.Final\netty-transport-native-unix-common-4.1.110.Final-osx-aarch_64.jar;C:\Users\andye\.m2\repository\org\reactivestreams\reactive-streams\1.0.4\reactive-streams-1.0.4.jar;C:\Users\andye\.m2\repository\com\google\code\findbugs\jsr305\3.0.2\jsr305-3.0.2.jar;C:\Users\andye\.m2\repository\io\netty\netty-handler-proxy\4.1.110.Final\netty-handler-proxy-4.1.110.Final.jar;C:\Users\andye\.m2\repository\io\netty\netty-codec-socks\4.1.110.Final\netty-codec-socks-4.1.110.Final.jar;C:\Users\andye\.m2\repository\io\netty\netty-transport-native-epoll\4.1.110.Final\netty-transport-native-epoll-4.1.110.Final-linux-x86_64.jar;C:\Users\andye\.m2\repository\io\netty\netty-transport-native-unix-common\4.1.110.Final\netty-transport-native-unix-common-4.1.110.Final.jar;C:\Users\andye\.m2\repository\io\netty\netty-transport-classes-epoll\4.1.110.Final\netty-transport-classes-epoll-4.1.110.Final.jar;C:\Users\andye\.m2\repository\io\netty\netty-transport-native-epoll\4.1.110.Final\netty-transport-native-epoll-4.1.110.Final-linux-aarch_64.jar;C:\Users\andye\.m2\repository\io\netty\netty-transport-native-kqueue\4.1.110.Final\netty-transport-native-kqueue-4.1.110.Final-osx-x86_64.jar;C:\Users\andye\.m2\repository\io\netty\netty-transport-classes-kqueue\4.1.110.Final\netty-transport-classes-kqueue-4.1.110.Final.jar;C:\Users\andye\.m2\repository\io\netty\netty-resolver-dns-native-macos\4.1.110.Final\netty-resolver-dns-native-macos-4.1.110.Final-osx-x86_64.jar;C:\Users\andye\.m2\repository\io\netty\netty-resolver-dns-classes-macos\4.1.110.Final\netty-resolver-dns-classes-macos-4.1.110.Final.jar;C:\Users\andye\.m2\repository\io\netty\netty-transport-native-kqueue\4.1.110.Final\netty-transport-native-kqueue-4.1.110.Final-osx-aarch_64.jar;C:\Users\andye\.m2\repository\io\netty\netty-resolver-dns-native-macos\4.1.110.Final\netty-resolver-dns-native-macos-4.1.110.Final-osx-aarch_64.jar;C:\Users\andye\.m2\repository\io\netty\netty-tcnative-boringssl-static\2.0.65.Final\netty-tcnative-boringssl-static-2.0.65.Final-linux-x86_64.jar;C:\Users\andye\.m2\repository\io\netty\netty-tcnative-classes\2.0.65.Final\netty-tcnative-classes-2.0.65.Final.jar;C:\Users\andye\.m2\repository\io\netty\netty-tcnative-boringssl-static\2.0.65.Final\netty-tcnative-boringssl-static-2.0.65.Final-linux-aarch_64.jar;C:\Users\andye\.m2\repository\io\netty\netty-tcnative-boringssl-static\2.0.65.Final\netty-tcnative-boringssl-static-2.0.65.Final-osx-x86_64.jar;C:\Users\andye\.m2\repository\io\netty\netty-tcnative-boringssl-static\2.0.65.Final\netty-tcnative-boringssl-static-2.0.65.Final-osx-aarch_64.jar;C:\Users\andye\.m2\repository\io\netty\netty-tcnative-boringssl-static\2.0.65.Final\netty-tcnative-boringssl-static-2.0.65.Final-windows-x86_64.jar;C:\Users\andye\.m2\repository\com\aayushatharva\brotli4j\brotli4j\1.16.0\brotli4j-1.16.0.jar;C:\Users\andye\.m2\repository\com\aayushatharva\brotli4j\service\1.16.0\service-1.16.0.jar;C:\Users\andye\.m2\repository\com\aayushatharva\brotli4j\native-windows-x86_64\1.16.0\native-windows-x86_64-1.16.0.jar;C:\Users\andye\.m2\repository\org\apache\httpcomponents\httpclient\4.5.14\httpclient-4.5.14.jar;C:\Users\andye\.m2\repository\org\apache\httpcomponents\httpcore\4.4.16\httpcore-4.4.16.jar;C:\Users\andye\.m2\repository\commons-codec\commons-codec\1.16.1\commons-codec-1.16.1.jar;C:\Users\andye\.m2\repository\ch\qos\logback\logback-classic\1.5.4\logback-classic-1.5.4.jar;C:\Users\andye\.m2\repository\ch\qos\logback\logback-core\1.5.4\logback-core-1.5.4.jar;C:\Users\andye\.m2\repository\org\slf4j\jcl-over-slf4j\2.0.12\jcl-over-slf4j-2.0.12.jar;C:\Users\andye\.m2\repository\org\slf4j\slf4j-api\2.0.12\slf4j-api-2.0.12.jar;C:\Users\andye\.m2\repository\org\antlr\antlr4-runtime\4.13.1\antlr4-runtime-4.13.1.jar;C:\Users\andye\.m2\repository\com\jayway\jsonpath\json-path\2.9.0\json-path-2.9.0.jar;C:\Users\andye\.m2\repository\net\minidev\json-smart\2.5.1\json-smart-2.5.1.jar;C:\Users\andye\.m2\repository\net\minidev\accessors-smart\2.5.1\accessors-smart-2.5.1.jar;C:\Users\andye\.m2\repository\org\ow2\asm\asm\9.6\asm-9.6.jar;C:\Users\andye\.m2\repository\org\yaml\snakeyaml\2.2\snakeyaml-2.2.jar;C:\Users\andye\.m2\repository\de\siegmar\fastcsv\3.1.0\fastcsv-3.1.0.jar;C:\Users\andye\.m2\repository\info\picocli\picocli\4.7.5\picocli-4.7.5.jar;C:\Users\andye\.m2\repository\io\github\classgraph\classgraph\4.8.170\classgraph-4.8.170.jar;C:\Users\andye\.m2\repository\io\github\t12y\resemble\1.1.0\resemble-1.1.0.jar;C:\Users\andye\.m2\repository\io\github\t12y\ssim\1.0.0\ssim-1.0.0.jar;C:\Users\andye\.m2\repository\org\junit\jupiter\junit-jupiter-api\5.10.2\junit-jupiter-api-5.10.2.jar;C:\Users\andye\.m2\repository\org\opentest4j\opentest4j\1.3.0\opentest4j-1.3.0.jar;C:\Users\andye\.m2\repository\org\junit\platform\junit-platform-commons\1.10.2\junit-platform-commons-1.10.2.jar;C:\Users\andye\.m2\repository\org\apiguardian\apiguardian-api\1.1.2\apiguardian-api-1.1.2.jar;C:\Users\andye\.m2\repository\org\junit\jupiter\junit-jupiter-engine\5.10.2\junit-jupiter-engine-5.10.2.jar;C:\Users\andye\.m2\repository\org\junit\platform\junit-platform-engine\1.10.2\junit-platform-engine-1.10.2.jar;"/>
    <property name="sun.cpu.endian" value="little"/>
    <property name="user.home" value="C:\Users\andye"/>
    <property name="user.language" value="en"/>
    <property name="java.specification.vendor" value="Oracle Corporation"/>
    <property name="java.version.date" value="2024-10-15"/>
    <property name="java.home" value="C:\Program Files\Java\jdk-23"/>
    <property name="file.separator" value="\"/>
    <property name="basedir" value="C:\Development\prys\tests\devsu\api"/>
    <property name="java.vm.compressedOopsMode" value="Zero based"/>
    <property name="line.separator" value="&#10;"/>
    <property name="java.vm.specification.vendor" value="Oracle Corporation"/>
    <property name="java.specification.name" value="Java Platform API Specification"/>
    <property name="surefire.real.class.path" value="C:\Users\andye\AppData\Local\Temp\surefire17779976281649895406\surefirebooter-20250921211543275_3.jar"/>
    <property name="user.script" value=""/>
    <property name="sun.management.compiler" value="HotSpot 64-Bit Tiered Compilers"/>
    <property name="java.runtime.version" value="23.0.1+11-39"/>
    <property name="user.name" value="andye"/>
    <property name="stdout.encoding" value="Cp1252"/>
    <property name="path.separator" value=";"/>
    <property name="os.version" value="10.0"/>
    <property name="java.runtime.name" value="Java(TM) SE Runtime Environment"/>
    <property name="file.encoding" value="UTF-8"/>
    <property name="java.vm.name" value="Java HotSpot(TM) 64-Bit Server VM"/>
    <property name="localRepository" value="C:\Users\andye\.m2\repository"/>
    <property name="java.vendor.url.bug" value="https://bugreport.java.com/bugreport/"/>
    <property name="java.io.tmpdir" value="C:\Users\andye\AppData\Local\Temp\"/>
    <property name="java.version" value="23.0.1"/>
    <property name="user.dir" value="C:\Development\prys\tests\devsu\api"/>
    <property name="os.arch" value="amd64"/>
    <property name="java.vm.specification.name" value="Java Virtual Machine Specification"/>
    <property name="user.language.format" value="es"/>
    <property name="sun.os.patch.level" value=""/>
    <property name="native.encoding" value="Cp1252"/>
    <property name="java.library.path" value="C:\Program Files\Java\jdk-23\bin;C:\WINDOWS\Sun\Java\bin;C:\WINDOWS\system32;C:\WINDOWS;c:\Users\andye\AppData\Local\Programs\cursor\resources\app\bin;C:\Program Files (x86)\Microsoft\Edge\Application;C:\Program Files\Common Files\Oracle\Java\javapath;C:\Programs\Python\Python312\Scripts\;C:\Programs\Python\Python312\;C:\WINDOWS\system32;C:\WINDOWS;C:\WINDOWS\System32\Wbem;C:\WINDOWS\System32\WindowsPowerShell\v1.0\;C:\WINDOWS\System32\OpenSSH\;C:\Program Files\WinMerge;C:\Programs\php\php-8.3.4-nts-Win32-vs16-x64;C:\ProgramData\ComposerSetup\bin;C:\Program Files\Docker\Docker\resources\bin;C:\Program Files\nodejs\;C:\Programs\apache-maven-3.9.11\bin;C:\Programs\ffmpeg-master-latest-win64-gpl-shared\bin;C:\Program Files\Microsoft SQL Server\150\Tools\Binn\;C:\Program Files\Microsoft SQL Server\Client SDK\ODBC\170\Tools\Binn\;C:\Program Files\dotnet\;C:\Program Files\Git\cmd;C:\Users\andye\scoop\shims;C:\Users\andye\AppData\Local\Microsoft\WindowsApps;C:\Program Files\JetBrains\PhpStorm 2023.3.4\bin;C:\Program Files\JetBrains\WebStorm 2023.3.4\bin;C:\Program Files\JetBrains\DataGrip 2023.3.4\bi;C:\Users\andye\scoop\shims;C:\Users\andye\AppData\Local\Microsoft\WindowsApps;;C:\Program Files\JetBrains\PhpStorm 2023.3.4\bin;;C:\Program Files\JetBrains\WebStorm 2023.3.4\bin;;C:\Program Files\JetBrains\DataGrip 2023.3.4\bin;;C:\Program Files\JetBrains\PyCharm 2023.3.3\bin;;C:\Users\andye\AppData\Roaming\Composer\vendor\bin;C:\Users\andye\AppData\Local\Programs\Microsoft VS Code\bin;C:\Users\andye\AppData\Roaming\npm;C:\Users\andye\.dotnet\tools;C:\Users\andye\AppData\Local\Programs\cursor\resources\app\bin;C:\Program Files\JetBrains\IntelliJ IDEA 2025.2.2\bin;."/>
    <property name="java.vm.info" value="mixed mode, sharing"/>
    <property name="stderr.encoding" value="Cp1252"/>
    <property name="java.vendor" value="Oracle Corporation"/>
    <property name="java.vm.version" value="23.0.1+11-39"/>
    <property name="sun.io.unicode.encoding" value="UnicodeLittle"/>
    <property name="java.class.version" value="67.0"/>
  </properties>
  <testcase name="[1:7] Add a pet" classname="examples/pets/pets" time="122.419">
    <system-out><![CDATA[21:15:44.598 [main] DEBUG com.intuit.karate.Suite - [config] classpath:karate-config.js
21:15:45.782 [main] INFO  com.intuit.karate - karate.env system property was: null 
21:15:46.138 [main] DEBUG com.intuit.karate - request:
1 > POST https://petstore.swagger.io/v2/pet
1 > Content-Type: application/json; charset=UTF-8
1 > Content-Length: 226
1 > Host: petstore.swagger.io
1 > Connection: Keep-Alive
1 > User-Agent: Apache-HttpClient/4.5.14 (Java/23.0.1)
1 > Accept-Encoding: gzip,deflate
{"id":0,"category":{"id":99902001,"name":"Canine"},"name":"Chihuahua","photoUrls":["https:\/\/cdn.britannica.com\/70\/8170-050-82AE83CD\/Chihuahua-smooth-coat.jpg"],"tags":[{"id":99903001,"name":"small"}],"status":"available"}

21:15:46.950 [main] DEBUG com.intuit.karate - response time in milliseconds: 808
1 < 200
1 < Date: Mon, 22 Sep 2025 02:15:46 GMT
1 < Content-Type: application/json
1 < Transfer-Encoding: chunked
1 < Connection: keep-alive
1 < Access-Control-Allow-Origin: *
1 < Access-Control-Allow-Methods: GET, POST, DELETE, PUT
1 < Access-Control-Allow-Headers: Content-Type, api_key, Authorization
1 < Server: Jetty(9.2.9.v20150224)
{"id":9223372036854748191,"category":{"id":99902001,"name":"Canine"},"name":"Chihuahua","photoUrls":["https://cdn.britannica.com/70/8170-050-82AE83CD/Chihuahua-smooth-coat.jpg"],"tags":[{"id":99903001,"name":"small"}],"status":"available"}

21:15:46.963 [main] INFO  com.intuit.karate - [print] Created pet id 9223372036854748191 
21:15:46.997 [main] DEBUG com.intuit.karate - write to file: target\tmp\pet_new.json
21:15:46.998 [main] INFO  com.intuit.karate - [print] Espera de 60 segundos... 
21:17:47.043 [main] INFO  com.intuit.karate - [print] Se reestablece la prueba después de la espera. 
]]></system-out>
  </testcase>
  <testcase name="[2:45] Search the pet created recently" classname="examples/pets/pets" time="0.687">
    <system-out><![CDATA[21:17:47.066 [main] INFO  com.intuit.karate - karate.env system property was: null 
21:17:47.092 [main] DEBUG com.intuit.karate - request:
1 > GET https://petstore.swagger.io/v2/pet/9223372036854748191
1 > Host: petstore.swagger.io
1 > Connection: Keep-Alive
1 > User-Agent: Apache-HttpClient/4.5.14 (Java/23.0.1)
1 > Accept-Encoding: gzip,deflate


21:17:47.714 [main] DEBUG com.intuit.karate - response time in milliseconds: 621
1 < 200
1 < Date: Mon, 22 Sep 2025 02:17:47 GMT
1 < Content-Type: application/json
1 < Transfer-Encoding: chunked
1 < Connection: keep-alive
1 < Access-Control-Allow-Origin: *
1 < Access-Control-Allow-Methods: GET, POST, DELETE, PUT
1 < Access-Control-Allow-Headers: Content-Type, api_key, Authorization
1 < Server: Jetty(9.2.9.v20150224)
{"id":9223372036854748191,"category":{"id":99902001,"name":"Canine"},"name":"Chihuahua","photoUrls":["https://cdn.britannica.com/70/8170-050-82AE83CD/Chihuahua-smooth-coat.jpg"],"tags":[{"id":99903001,"name":"small"}],"status":"available"}

21:17:47.741 [main] DEBUG com.intuit.karate - write to file: target\tmp\pet_search.json
]]></system-out>
  </testcase>
  <testcase name="[3:55] Update the pet name and the status to &quot;sold&quot;" classname="examples/pets/pets" time="240.404">
    <system-out><![CDATA[21:17:47.752 [main] INFO  com.intuit.karate - karate.env system property was: null 
21:17:47.763 [main] INFO  com.intuit.karate - [print] Pet id 9223372036854748191 
21:17:47.767 [main] INFO  com.intuit.karate - [print] Old pet name Chihuahua 
21:17:47.770 [main] INFO  com.intuit.karate - [print] Old pet status available 
21:17:47.787 [main] DEBUG com.intuit.karate - request:
1 > PUT https://petstore.swagger.io/v2/pet
1 > Content-Type: application/json; charset=UTF-8
1 > Content-Length: 249
1 > Host: petstore.swagger.io
1 > Connection: Keep-Alive
1 > User-Agent: Apache-HttpClient/4.5.14 (Java/23.0.1)
1 > Accept-Encoding: gzip,deflate
{"id":9223372036854748191,"category":{"id":99902001,"name":"Canine"},"name":"Chihuahua Pet Newer","photoUrls":["https:\/\/cdn.britannica.com\/70\/8170-050-82AE83CD\/Chihuahua-smooth-coat.jpg"],"tags":[{"id":99903001,"name":"small"}],"status":"sold"}

21:17:48.105 [main] DEBUG com.intuit.karate - response time in milliseconds: 316
1 < 200
1 < Date: Mon, 22 Sep 2025 02:17:48 GMT
1 < Content-Type: application/json
1 < Transfer-Encoding: chunked
1 < Connection: keep-alive
1 < Access-Control-Allow-Origin: *
1 < Access-Control-Allow-Methods: GET, POST, DELETE, PUT
1 < Access-Control-Allow-Headers: Content-Type, api_key, Authorization
1 < Server: Jetty(9.2.9.v20150224)
{"id":9223372036854748191,"category":{"id":99902001,"name":"Canine"},"name":"Chihuahua Pet Newer","photoUrls":["https://cdn.britannica.com/70/8170-050-82AE83CD/Chihuahua-smooth-coat.jpg"],"tags":[{"id":99903001,"name":"small"}],"status":"sold"}

21:17:48.117 [main] DEBUG com.intuit.karate - write to file: target\tmp\pet_updated.json
21:17:48.120 [main] INFO  com.intuit.karate - [print] New pet name Chihuahua Pet Newer 
21:17:48.124 [main] INFO  com.intuit.karate - [print] New pet status sold 
21:17:48.127 [main] INFO  com.intuit.karate - [print] Espera de 180 segundos... 
21:21:48.146 [main] INFO  com.intuit.karate - [print] Se reestablece la prueba después de la espera. 
]]></system-out>
  </testcase>
  <testcase name="[4:79] Search by status last pet modified recently" classname="examples/pets/pets" time="1.95">
    <system-out><![CDATA[21:21:48.154 [main] INFO  com.intuit.karate - karate.env system property was: null 
21:21:48.165 [main] DEBUG com.intuit.karate - request:
1 > GET https://petstore.swagger.io/v2/pet/findByStatus?status=sold
1 > Host: petstore.swagger.io
1 > Connection: Keep-Alive
1 > User-Agent: Apache-HttpClient/4.5.14 (Java/23.0.1)
1 > Accept-Encoding: gzip,deflate


21:21:48.848 [main] DEBUG com.intuit.karate - response time in milliseconds: 681
1 < 200
1 < Date: Mon, 22 Sep 2025 02:21:48 GMT
1 < Content-Type: application/json
1 < Transfer-Encoding: chunked
1 < Connection: keep-alive
1 < Access-Control-Allow-Origin: *
1 < Access-Control-Allow-Methods: GET, POST, DELETE, PUT
1 < Access-Control-Allow-Headers: Content-Type, api_key, Authorization
1 < Server: Jetty(9.2.9.v20150224)
[{"id":13,"category":{"id":0,"name":"cats"},"photoUrls":["string"],"tags":[{"id":0,"name":"string"}],"status":"sold"},{"id":9222968140497180206,"name":"Chihuahua Devsu Pet","photoUrls":["https://ajar-cop-out.com"],"tags":[],"status":"sold"},{"id":9222968140497180336,"name":"Chihuahua Devsu Pet","photoUrls":["https://subtle-tom-tom.name"],"tags":[],"status":"sold"},{"id":9222968140497180338,"category":{"id":99902001,"name":"Canine"},"name":"Chihuahua Devsu Pet","photoUrls":["https://cdn.britannica.com/70/8170-050-82AE83CD/Chihuahua-smooth-coat.jpg"],"tags":[{"id":99903001,"name":"small"},{"id":99903002,"name":"2025-09-21T19:23:58.705-0500"}],"status":"sold"},{"id":9222968140497180399,"category":{"id":99902001,"name":"Canine"},"name":"Chihuahua Devsu Pet","photoUrls":["https://cdn.britannica.com/70/8170-050-82AE83CD/Chihuahua-smooth-coat.jpg"],"tags":[{"id":99903001,"name":"small"},{"id":99903002,"name":"2025-09-21T19:36:30.762-0500"}],"status":"sold"},{"id":9222968140497180467,"category":{"id":0,"name":"string"},"name":"Chihuahua Devsu Pet","photoUrls":["string"],"tags":[{"id":0,"name":"string"}],"status":"sold"},{"id":9222968140497180600,"category":{"id":99902001,"name":"Canine"},"name":"Chihuahua Devsu Pet","photoUrls":["https://cdn.britannica.com/70/8170-050-82AE83CD/Chihuahua-smooth-coat.jpg"],"tags":[{"id":99903001,"name":"small"},{"id":99903002,"name":"2025-09-21T19:38:39.279-0500"}],"status":"sold"},{"id":9222968140497181127,"category":{"id":99902001,"name":"Canine"},"name":"Chihuahua Pet Newer","photoUrls":["https://cdn.britannica.com/70/8170-050-82AE83CD/Chihuahua-smooth-coat.jpg"],"tags":[{"id":99903001,"name":"small"}],"status":"sold"},{"id":23688827,"category":{"id":38199557,"name":"officia in"},"name":"doggie","photoUrls":["culpa aliqua do Ut","pariatur non qui"],"tags":[{"id":-59409203,"name":"irure id dolor D"},{"id":-8983193,"name":"amet Duis"}],"status":"sold"},{"id":9030,"category":{"id":0,"name":"string"},"name":"cocker31","photoUrls":["string"],"tags":[{"id":0,"name":"string"}],"status":"sold"},{"id":9223372036854748191,"category":{"id":99902001,"name":"Canine"},"name":"Chihuahua Pet Newer","photoUrls":["https://cdn.britannica.com/70/8170-050-82AE83CD/Chihuahua-smooth-coat.jpg"],"tags":[{"id":99903001,"name":"small"}],"status":"sold"},{"id":9003,"name":"Charlie","photoUrls":["string"],"tags":[{"id":10003,"name":"CharlieTag"}],"status":"sold"}]

21:21:48.851 [main] INFO  com.intuit.karate - [print] petIdFound:  9223372036854748191 
21:21:48.853 [main] INFO  com.intuit.karate - [print] Response:  [
  {
    "id": 13,
    "category": {
      "id": 0,
      "name": "cats"
    },
    "photoUrls": [
      "string"
    ],
    "tags": [
      {
        "id": 0,
        "name": "string"
      }
    ],
    "status": "sold"
  },
  {
    "id": 9222968140497180206,
    "name": "Chihuahua Devsu Pet",
    "photoUrls": [
      "https://ajar-cop-out.com"
    ],
    "tags": [
    ],
    "status": "sold"
  },
  {
    "id": 9222968140497180336,
    "name": "Chihuahua Devsu Pet",
    "photoUrls": [
      "https://subtle-tom-tom.name"
    ],
    "tags": [
    ],
    "status": "sold"
  },
  {
    "id": 9222968140497180338,
    "category": {
      "id": 99902001,
      "name": "Canine"
    },
    "name": "Chihuahua Devsu Pet",
    "photoUrls": [
      "https://cdn.britannica.com/70/8170-050-82AE83CD/Chihuahua-smooth-coat.jpg"
    ],
    "tags": [
      {
        "id": 99903001,
        "name": "small"
      },
      {
        "id": 99903002,
        "name": "2025-09-21T19:23:58.705-0500"
      }
    ],
    "status": "sold"
  },
  {
    "id": 9222968140497180399,
    "category": {
      "id": 99902001,
      "name": "Canine"
    },
    "name": "Chihuahua Devsu Pet",
    "photoUrls": [
      "https://cdn.britannica.com/70/8170-050-82AE83CD/Chihuahua-smooth-coat.jpg"
    ],
    "tags": [
      {
        "id": 99903001,
        "name": "small"
      },
      {
        "id": 99903002,
        "name": "2025-09-21T19:36:30.762-0500"
      }
    ],
    "status": "sold"
  },
  {
    "id": 9222968140497180467,
    "category": {
      "id": 0,
      "name": "string"
    },
    "name": "Chihuahua Devsu Pet",
    "photoUrls": [
      "string"
    ],
    "tags": [
      {
        "id": 0,
        "name": "string"
      }
    ],
    "status": "sold"
  },
  {
    "id": 9222968140497180600,
    "category": {
      "id": 99902001,
      "name": "Canine"
    },
    "name": "Chihuahua Devsu Pet",
    "photoUrls": [
      "https://cdn.britannica.com/70/8170-050-82AE83CD/Chihuahua-smooth-coat.jpg"
    ],
    "tags": [
      {
        "id": 99903001,
        "name": "small"
      },
      {
        "id": 99903002,
        "name": "2025-09-21T19:38:39.279-0500"
      }
    ],
    "status": "sold"
  },
  {
    "id": 9222968140497181127,
    "category": {
      "id": 99902001,
      "name": "Canine"
    },
    "name": "Chihuahua Pet Newer",
    "photoUrls": [
      "https://cdn.britannica.com/70/8170-050-82AE83CD/Chihuahua-smooth-coat.jpg"
    ],
    "tags": [
      {
        "id": 99903001,
        "name": "small"
      }
    ],
    "status": "sold"
  },
  {
    "id": 23688827,
    "category": {
      "id": 38199557,
      "name": "officia in"
    },
    "name": "doggie",
    "photoUrls": [
      "culpa aliqua do Ut",
      "pariatur non qui"
    ],
    "tags": [
      {
        "id": -59409203,
        "name": "irure id dolor D"
      },
      {
        "id": -8983193,
        "name": "amet Duis"
      }
    ],
    "status": "sold"
  },
  {
    "id": 9030,
    "category": {
      "id": 0,
      "name": "string"
    },
    "name": "cocker31",
    "photoUrls": [
      "string"
    ],
    "tags": [
      {
        "id": 0,
        "name": "string"
      }
    ],
    "status": "sold"
  },
  {
    "id": 9223372036854748191,
    "category": {
      "id": 99902001,
      "name": "Canine"
    },
    "name": "Chihuahua Pet Newer",
    "photoUrls": [
      "https://cdn.britannica.com/70/8170-050-82AE83CD/Chihuahua-smooth-coat.jpg"
    ],
    "tags": [
      {
        "id": 99903001,
        "name": "small"
      }
    ],
    "status": "sold"
  },
  {
    "id": 9003,
    "name": "Charlie",
    "photoUrls": [
      "string"
    ],
    "tags": [
      {
        "id": 10003,
        "name": "CharlieTag"
      }
    ],
    "status": "sold"
  }
]
 
21:21:48.916 [main] INFO  com.intuit.karate - [print] Matching item: {
  "id": 9223372036854748191,
  "category": {
    "id": 99902001,
    "name": "Canine"
  },
  "name": "Chihuahua Pet Newer",
  "photoUrls": [
    "https://cdn.britannica.com/70/8170-050-82AE83CD/Chihuahua-smooth-coat.jpg"
  ],
  "tags": [
    {
      "id": 99903001,
      "name": "small"
    }
  ],
  "status": "sold"
}
 
21:21:48.920 [main] DEBUG com.intuit.karate - write to file: target\tmp\pet_findByStatus.json
---------------------------------------------------------
feature: classpath:examples/pets/pets.feature
scenarios:  4 | passed:  4 | failed:  0 | time: 363,0508
---------------------------------------------------------

Karate version: 1.5.0
======================================================
elapsed: 365,45 | threads:    1 | thread time: 363,05 
features:     1 | skipped:    0 | efficiency: 0,99
scenarios:    4 | passed:     4 | failed: 0
======================================================

HTML report: (paste into browser to view) | Karate version: 1.5.0
file:///C:/Development/prys/tests/devsu/api/target/karate-reports/karate-summary.html
===================================================================

]]></system-out>
  </testcase>
</testsuite>